Base path: C:/Program Files/Unity/Hub/Editor/2018.2.0f2/Editor/Data
Cmd: initializeCompiler
Cmd: initializeCompiler
Cmd: preprocess
  insize=2546 outsize=687 ok=1
Cmd: preprocess
  insize=2835 outsize=894 ok=1
Cmd: preprocess
  insize=4292 outsize=1137 ok=1
Cmd: preprocess
  insize=707 outsize=311 ok=1
Cmd: preprocess
  insize=1986 outsize=857 ok=1
Cmd: preprocess
  insize=4291 outsize=1221 ok=1
Cmd: preprocess
  insize=2555 outsize=843 ok=1
Cmd: preprocess
  insize=3455 outsize=1746 ok=1
Cmd: preprocess
  insize=3009 outsize=829 ok=1
Cmd: preprocess
  insize=2617 outsize=803 ok=1
Cmd: preprocess
  insize=818 outsize=376 ok=1
Cmd: preprocess
  insize=3242 outsize=869 ok=1
Cmd: preprocess
  insize=1525 outsize=387 ok=1
Cmd: preprocess
  insize=1902 outsize=1575 ok=1
Cmd: preprocess
  insize=1927 outsize=616 ok=1
Cmd: preprocess
  insize=3876 outsize=880 ok=1
Cmd: preprocess
  insize=942 outsize=469 ok=1
Cmd: preprocess
  insize=2946 outsize=818 ok=1
Cmd: preprocess
  insize=5130 outsize=3777 ok=1
Cmd: preprocess
  insize=797 outsize=436 ok=1
Cmd: preprocess
  insize=3147 outsize=792 ok=1
Cmd: preprocess
  insize=1846 outsize=2241 ok=1
Cmd: preprocess
  insize=3098 outsize=818 ok=1
Cmd: preprocess
  insize=1024 outsize=314 ok=1
Cmd: preprocess
  insize=4103 outsize=1248 ok=1
Cmd: preprocess
  insize=927 outsize=423 ok=1
Cmd: preprocess
  insize=1451 outsize=684 ok=1
Cmd: preprocess
  insize=1482 outsize=1537 ok=1
Cmd: preprocess
  insize=2857 outsize=856 ok=1
Cmd: preprocess
  insize=4320 outsize=2118 ok=1
Cmd: preprocess
  insize=4666 outsize=1454 ok=1
Cmd: preprocess
  insize=514 outsize=1317 ok=1
Cmd: preprocess
  insize=2955 outsize=862 ok=1
Cmd: preprocess
  insize=527 outsize=1177 ok=1
Cmd: preprocess
  insize=2732 outsize=870 ok=1
Cmd: preprocess
  insize=826 outsize=398 ok=1
Cmd: preprocess
  insize=925 outsize=365 ok=1
Cmd: preprocess
  insize=1454 outsize=397 ok=1
Cmd: preprocess
  insize=1070 outsize=1436 ok=1
Cmd: preprocess
  insize=1107 outsize=393 ok=1
Cmd: preprocess
  insize=1242 outsize=1338 ok=1
Cmd: preprocess
  insize=2554 outsize=694 ok=1
Cmd: preprocess
  insize=1442 outsize=1162 ok=1
Cmd: preprocess
  insize=1121 outsize=358 ok=1
Cmd: preprocess
  insize=2921 outsize=521 ok=1
Cmd: preprocess
  insize=5267 outsize=1215 ok=1
Cmd: preprocess
  insize=3281 outsize=888 ok=1
Cmd: preprocess
  insize=584 outsize=581 ok=1
Cmd: preprocess
  insize=1266 outsize=1521 ok=1
Cmd: preprocess
  insize=2181 outsize=737 ok=1
Cmd: preprocess
  insize=4096 outsize=1110 ok=1
Cmd: preprocess
  insize=2762 outsize=506 ok=1
Cmd: preprocess
  insize=1813 outsize=606 ok=1
Cmd: preprocess
  insize=563 outsize=231 ok=1
Cmd: preprocess
  insize=1187 outsize=438 ok=1
Cmd: preprocess
  insize=756 outsize=344 ok=1
Cmd: preprocess
  insize=2510 outsize=795 ok=1
Cmd: preprocess
  insize=3733 outsize=1069 ok=1
Cmd: initializeCompiler
Cmd: preprocess
  insize=2546 outsize=687 ok=1
Cmd: preprocess
  insize=2835 outsize=894 ok=1
Cmd: preprocess
  insize=3181 outsize=323 ok=1
Cmd: preprocess
  insize=4292 outsize=1137 ok=1
Cmd: preprocess
  insize=6801 outsize=3266 ok=1
Cmd: preprocess
  insize=707 outsize=311 ok=1
Cmd: preprocess
  insize=1986 outsize=857 ok=1
Cmd: preprocess
  insize=4291 outsize=1221 ok=1
Cmd: preprocessCompute
  insize=2128 outsize=2134 ok=1
Cmd: preprocess
  insize=2555 outsize=843 ok=1
Cmd: preprocess
  insize=3455 outsize=1746 ok=1
Cmd: preprocess
  insize=11823 outsize=980 ok=1
Cmd: preprocess
  insize=3009 outsize=829 ok=1
Cmd: preprocess
  insize=1579 outsize=233 ok=1
Cmd: preprocessCompute
  insize=1220 outsize=1226 ok=1
Cmd: preprocessCompute
  insize=2857 outsize=2863 ok=1
Cmd: preprocessCompute
  insize=11166 outsize=11176 ok=1
Cmd: preprocess
  insize=1231 outsize=322 ok=1
Cmd: preprocess
  insize=2617 outsize=803 ok=1
Cmd: preprocess
  insize=11274 outsize=228 ok=1
Cmd: preprocess
  insize=818 outsize=376 ok=1
Cmd: preprocess
  insize=1867 outsize=322 ok=1
Cmd: preprocessCompute
  insize=5014 outsize=5022 ok=1
Cmd: preprocess
  insize=3242 outsize=869 ok=1
Cmd: preprocess
  insize=1525 outsize=387 ok=1
Cmd: preprocess
  insize=2581 outsize=863 ok=1
Cmd: preprocessCompute
  insize=3526 outsize=3532 ok=1
Cmd: preprocess
  insize=1902 outsize=1575 ok=1
Cmd: preprocess
  insize=1927 outsize=616 ok=1
Cmd: preprocess
  insize=3876 outsize=880 ok=1
Cmd: preprocess
  insize=942 outsize=469 ok=1
Cmd: preprocess
  insize=6257 outsize=384 ok=1
Cmd: preprocess
  insize=2946 outsize=818 ok=1
Cmd: preprocess
  insize=628 outsize=231 ok=1
Cmd: preprocess
  insize=1719 outsize=372 ok=1
Cmd: preprocess
  insize=5130 outsize=3777 ok=1
Cmd: preprocessCompute
  insize=18709 outsize=18731 ok=1
Cmd: preprocess
  insize=797 outsize=436 ok=1
Cmd: preprocess
  insize=3320 outsize=826 ok=1
Cmd: preprocess
  insize=3147 outsize=792 ok=1
Cmd: preprocessCompute
  insize=5587 outsize=5591 ok=1
Cmd: preprocess
  insize=1846 outsize=2241 ok=1
Cmd: preprocess
  insize=3098 outsize=818 ok=1
Cmd: preprocess
  insize=1024 outsize=314 ok=1
Cmd: preprocess
  insize=4103 outsize=1248 ok=1
Cmd: preprocess
  insize=927 outsize=423 ok=1
Cmd: preprocess
  insize=7372 outsize=421 ok=1
Cmd: preprocess
  insize=2507 outsize=1111 ok=1
Cmd: preprocess
  insize=1451 outsize=684 ok=1
Cmd: preprocess
  insize=1482 outsize=1537 ok=1
Cmd: preprocess
  insize=2857 outsize=856 ok=1
Cmd: preprocessCompute
  insize=2947 outsize=2953 ok=1
Cmd: preprocess
  insize=4320 outsize=2118 ok=1
Cmd: preprocess
  insize=4666 outsize=1454 ok=1
Cmd: preprocessCompute
  insize=1858 outsize=1864 ok=1
Cmd: preprocess
  insize=514 outsize=1317 ok=1
Cmd: preprocess
  insize=2955 outsize=862 ok=1
Cmd: preprocess
  insize=527 outsize=1177 ok=1
Cmd: preprocess
  insize=1665 outsize=236 ok=1
Cmd: preprocess
  insize=2732 outsize=870 ok=1
Cmd: preprocess
  insize=3682 outsize=237 ok=1
Cmd: preprocess
  insize=826 outsize=398 ok=1
Cmd: preprocess
  insize=925 outsize=365 ok=1
Cmd: preprocess
  insize=12338 outsize=1048 ok=1
Cmd: preprocess
  insize=1454 outsize=397 ok=1
Cmd: preprocess
  insize=1070 outsize=1436 ok=1
Cmd: preprocess
  insize=6221 outsize=1315 ok=1
Cmd: preprocess
  insize=1107 outsize=393 ok=1
Cmd: preprocess
  insize=1242 outsize=1338 ok=1
Cmd: preprocess
  insize=1188 outsize=411 ok=1
Cmd: preprocess
  insize=2554 outsize=694 ok=1
Cmd: preprocess
  insize=1442 outsize=1162 ok=1
Cmd: preprocess
  insize=3197 outsize=1434 ok=1
Cmd: preprocess
  insize=1121 outsize=358 ok=1
Cmd: preprocess
  insize=2921 outsize=521 ok=1
Cmd: preprocess
  insize=3750 outsize=384 ok=1
Cmd: preprocess
  insize=5267 outsize=1215 ok=1
Cmd: preprocessCompute
  insize=1499 outsize=1505 ok=1
Cmd: preprocess
  insize=3281 outsize=888 ok=1
Cmd: preprocess
  insize=584 outsize=581 ok=1
Cmd: preprocessCompute
  insize=2114 outsize=2120 ok=1
Cmd: preprocess
  insize=1266 outsize=1521 ok=1
Cmd: preprocess
  insize=2181 outsize=737 ok=1
Cmd: preprocess
  insize=4096 outsize=1110 ok=1
Cmd: preprocess
  insize=2762 outsize=506 ok=1
Cmd: preprocess
  insize=1813 outsize=606 ok=1
Cmd: preprocess
  insize=563 outsize=231 ok=1
Cmd: preprocess
  insize=4046 outsize=397 ok=1
Cmd: preprocess
  insize=2706 outsize=232 ok=1
Cmd: preprocess
  insize=1187 outsize=438 ok=1
Cmd: preprocess
  insize=756 outsize=344 ok=1
Cmd: preprocess
  insize=2070 outsize=769 ok=1
Cmd: preprocess
  insize=2510 outsize=795 ok=1
Cmd: preprocess
  insize=3733 outsize=1069 ok=1
Cmd: preprocess
  insize=1409 outsize=310 ok=1
Cmd: initializeCompiler
Cmd: initializeCompiler
Cmd: initializeCompiler
Cmd: initializeCompiler
Cmd: initializeCompiler
Cmd: initializeCompiler
Cmd: initializeCompiler
Cmd: initializeCompiler
Cmd: initializeCompiler
Cmd: initializeCompiler
Cmd: initializeCompiler
Cmd: initializeCompiler
Cmd: initializeCompiler
